Loaded: /afs/umich.edu/user/c/h/chhsiao/Public/spim-install/exceptions.s

Welcome to CS143 BlackJack!
---------------------------
Please enter a random number seed: Shuffling...done.
How many players do we have today? What is the name of player #1? 
First, let's take bets.
Alice, you have $1000.
How much would you like to bet? 
Dealer starts. Dealer was dealt a 2.

Alice's turn.
Alice was dealt a 6.
Alice was dealt a 11.
Alice, your total is 17.
Would you like a hit? (y/n) Alice stays at 17.

Dealer's turn.
Dealer was dealt a 6.
Dealer was dealt a 10.
Dealer stays at 18.

Time to resolve bets.
Alice, you lost $1000.

Do you want to play another hand? (y/n) Alice, you have $0.
Thank you for playing...come again soon.

CS143 BlackJack Copyright (c) 1999 by Peter Mork.
(2001 mods by jdz)
